<?xml version="1.0" encoding="UTF-8"?>
<!-- Generated by org.testng.reporters.JUnitXMLReporter -->
<testsuite ignored="2" hostname="Pranitha" failures="0" tests="1" name="Default test" time="115.105" errors="0" timestamp="2024-08-05T12:56:07 IST">
  <testcase classname="testcases.LinksTest" name="brokenLinks" time="111.182"/>
  <testcase classname="testcases.LinksTest" name="OpenLinksInNewTab" time="0.0">
    <ignored/>
  </testcase> <!-- OpenLinksInNewTab -->
  <testcase classname="testcases.LinksTest" name="assignment" time="0.0">
    <ignored/>
  </testcase> <!-- assignment -->
</testsuite> <!-- Default test -->
