<?xml version="1.0" encoding="UTF-8"?>
<testng-results ignored="0" total="1" passed="1" failed="0" skipped="0">
  <reporter-output>
  </reporter-output>
  <suite started-at="2024-08-02T22:41:30 IST" name="Default suite" finished-at="2024-08-02T22:41:48 IST" duration-ms="18326">
    <groups>
    </groups>
    <test started-at="2024-08-02T22:41:30 IST" name="Default test" finished-at="2024-08-02T22:41:48 IST" duration-ms="18326">
      <class name="testcases.WindowHandling">
        <test-method is-config="true" signature="setup()[pri:0, instance:testcases.WindowHandling@1a6d8329]" started-at="2024-08-02T22:41:30 IST" name="setup" finished-at="2024-08-02T22:41:33 IST" duration-ms="3253" status="PASS">
          <reporter-output>
          </reporter-output>
        </test-method> <!-- setup -->
        <test-method signature="WindowHandlingTest()[pri:0, instance:testcases.WindowHandling@1a6d8329]" started-at="2024-08-02T22:41:33 IST" name="WindowHandlingTest" finished-at="2024-08-02T22:41:48 IST" duration-ms="14987" status="PASS">
          <reporter-output>
          </reporter-output>
        </test-method> <!-- WindowHandlingTest -->
      </class> <!-- testcases.WindowHandling -->
    </test> <!-- Default test -->
  </suite> <!-- Default suite -->
</testng-results>
