<?xml version="1.0" encoding="UTF-8"?>
<testng-results ignored="0" total="1" passed="1" failed="0" skipped="0">
  <reporter-output>
  </reporter-output>
  <suite started-at="2024-08-05T12:54:12 IST" name="Default suite" finished-at="2024-08-05T12:56:07 IST" duration-ms="115105">
    <groups>
    </groups>
    <test started-at="2024-08-05T12:54:12 IST" name="Default test" finished-at="2024-08-05T12:56:07 IST" duration-ms="115105">
      <class name="testcases.LinksTest">
        <test-method is-config="true" signature="setup()[pri:0, instance:testcases.LinksTest@3c77d488]" started-at="2024-08-05T12:54:12 IST" name="setup" finished-at="2024-08-05T12:54:15 IST" duration-ms="3444" status="PASS">
          <reporter-output>
          </reporter-output>
        </test-method> <!-- setup -->
        <test-method signature="brokenLinks()[pri:0, instance:testcases.LinksTest@3c77d488]" started-at="2024-08-05T12:54:15 IST" name="brokenLinks" finished-at="2024-08-05T12:56:07 IST" duration-ms="111182" status="PASS">
          <reporter-output>
          </reporter-output>
        </test-method> <!-- brokenLinks -->
        <test-method is-config="true" signature="tearDown()[pri:0, instance:testcases.LinksTest@3c77d488]" started-at="2024-08-05T12:56:07 IST" name="tearDown" finished-at="2024-08-05T12:56:07 IST" duration-ms="398" status="PASS">
          <reporter-output>
          </reporter-output>
        </test-method> <!-- tearDown -->
      </class> <!-- testcases.LinksTest -->
    </test> <!-- Default test -->
  </suite> <!-- Default suite -->
</testng-results>
